Using pre-set license
Built from '2021.3/evg/staging/82bb020e-b03b1330/draft-0' branch; Version is '2021.3.16f1 (4016570cf34f) revision 4200023'; Using compiler version '192829333'; Build Type 'Release'
OS: 'Windows 10  (10.0.19045) 64bit CoreCountrySpecific' Language: 'zh' Physical Memory: 32534 MB
BatchMode: 1, IsHumanControllingUs: 0, StartBugReporterOnCrash: 0, Is64bit: 1, IsPro: 1

COMMAND LINE ARGUMENTS:
E:\U3D\Editor\Unity.exe
-adb2
-batchMode
-noUpm
-name
AssetImportWorker0
-projectPath
C:/Users/Amy/Desktop/GMTK3.1git
-logFile
Logs/AssetImportWorker0.log
-srvPort
52486
Successfully changed project path to: C:/Users/Amy/Desktop/GMTK3.1git
C:/Users/Amy/Desktop/GMTK3.1git
[UnityMemory] Configuration Parameters - Can be set up in boot.config
    "memorysetup-bucket-allocator-granularity=16"
    "memorysetup-bucket-allocator-bucket-count=8"
    "memorysetup-bucket-allocator-block-size=33554432"
    "memorysetup-bucket-allocator-block-count=8"
    "memorysetup-main-allocator-block-size=16777216"
    "memorysetup-thread-allocator-block-size=16777216"
    "memorysetup-gfx-main-allocator-block-size=16777216"
    "memorysetup-gfx-thread-allocator-block-size=16777216"
    "memorysetup-cache-allocator-block-size=4194304"
    "memorysetup-typetree-allocator-block-size=2097152"
    "memorysetup-profiler-bucket-allocator-granularity=16"
    "memorysetup-profiler-bucket-allocator-bucket-count=8"
    "memorysetup-profiler-bucket-allocator-block-size=33554432"
    "memorysetup-profiler-bucket-allocator-block-count=8"
    "memorysetup-profiler-allocator-block-size=16777216"
    "memorysetup-profiler-editor-allocator-block-size=1048576"
    "memorysetup-temp-allocator-size-main=16777216"
    "memorysetup-job-temp-allocator-block-size=2097152"
    "memorysetup-job-temp-allocator-block-size-background=1048576"
    "memorysetup-job-temp-allocator-reduction-small-platforms=262144"
    "memorysetup-temp-allocator-size-background-worker=32768"
    "memorysetup-temp-allocator-size-job-worker=262144"
    "memorysetup-temp-allocator-size-preload-manager=33554432"
    "memorysetup-temp-allocator-size-nav-mesh-worker=65536"
    "memorysetup-temp-allocator-size-audio-worker=65536"
    "memorysetup-temp-allocator-size-cloud-worker=32768"
    "memorysetup-temp-allocator-size-gi-baking-worker=262144"
    "memorysetup-temp-allocator-size-gfx=262144"
Player connection [18944] Host "[IP] 192.168.50.94 [Port] 0 [Flags] 2 [Guid] 88120637 [EditorId] 88120637 [Version] 1048832 [Id] WindowsEditor(7,LAPTOP-28FH8C6T) [Debug] 1 [PackageName] WindowsEditor [ProjectName] Editor" joined multi-casting on [225.0.0.222:54997]...

Player connection [18944] Host "[IP] 192.168.50.94 [Port] 0 [Flags] 2 [Guid] 88120637 [EditorId] 88120637 [Version] 1048832 [Id] WindowsEditor(7,LAPTOP-28FH8C6T) [Debug] 1 [PackageName] WindowsEditor [ProjectName] Editor" joined alternative multi-casting on [225.0.0.222:34997]...

Refreshing native plugins compatible for Editor in 30.82 ms, found 3 plugins.
Preloading 0 native plugins for Editor in 0.00 ms.
Initialize engine version: 2021.3.16f1 (4016570cf34f)
[Subsystems] Discovering subsystems at path E:/U3D/Editor/Data/Resources/UnitySubsystems
[Subsystems] Discovering subsystems at path C:/Users/Amy/Desktop/GMTK3.1git/Assets
GfxDevice: creating device client; threaded=0; jobified=0
Direct3D:
    Version:  Direct3D 11.0 [level 11.1]
    Renderer: NVIDIA GeForce RTX 2060 (ID=0x1f15)
    Vendor:   NVIDIA
    VRAM:     5969 MB
    Driver:   31.0.15.4626
Initialize mono
Mono path[0] = 'E:/U3D/Editor/Data/Managed'
Mono path[1] = 'E:/U3D/Editor/Data/MonoBleedingEdge/lib/mono/unityjit-win32'
Mono config path = 'E:/U3D/Editor/Data/MonoBleedingEdge/etc'
Using monoOptions --debugger-agent=transport=dt_socket,embedding=1,server=y,suspend=n,address=127.0.0.1:56440
Begin MonoManager ReloadAssembly
Registering precompiled unity dll's ...
Register platform support module: E:/U3D/Editor/Data/PlaybackEngines/WebGLSupport/UnityEditor.WebGL.Extensions.dll
Register platform support module: E:/U3D/Editor/Data/PlaybackEngines/AndroidPlayer/UnityEditor.Android.Extensions.dll
Register platform support module: E:/U3D/Editor/Data/PlaybackEngines/WindowsStandaloneSupport/UnityEditor.WindowsStandalone.Extensions.dll
Registered in 0.002312 seconds.
Native extension for WindowsStandalone target not found
Native extension for Android target not found
Native extension for WebGL target not found
Refreshing native plugins compatible for Editor in 32.99 ms, found 3 plugins.
Preloading 0 native plugins for Editor in 0.00 ms.
Mono: successfully reloaded assembly
- Completed reload, in  0.530 seconds
Domain Reload Profiling:
	ReloadAssembly (531ms)
		BeginReloadAssembly (59ms)
			ExecutionOrderSort (0ms)
			DisableScriptedObjects (0ms)
			BackupInstance (0ms)
			ReleaseScriptingObjects (0ms)
			CreateAndSetChildDomain (1ms)
		EndReloadAssembly (379ms)
			LoadAssemblies (59ms)
			RebuildTransferFunctionScriptingTraits (0ms)
			SetupTypeCache (102ms)
			ReleaseScriptCaches (0ms)
			RebuildScriptCaches (26ms)
			SetupLoadedEditorAssemblies (209ms)
				LogAssemblyErrors (0ms)
				InitializePlatformSupportModulesInManaged (39ms)
				SetLoadedEditorAssemblies (0ms)
				RefreshPlugins (33ms)
				BeforeProcessingInitializeOnLoad (1ms)
				ProcessInitializeOnLoadAttributes (91ms)
				ProcessInitializeOnLoadMethodAttributes (45ms)
				AfterProcessingInitializeOnLoad (0ms)
				EditorAssembliesLoaded (0ms)
			ExecutionOrderSort2 (0ms)
			AwakeInstancesAfterBackupRestoration (0ms)
Platform modules already initialized, skipping
Registering precompiled user dll's ...
Registered in 0.004451 seconds.
Begin MonoManager ReloadAssembly
Native extension for WindowsStandalone target not found
Native extension for Android target not found
Native extension for WebGL target not found
Refreshing native plugins compatible for Editor in 0.46 ms, found 3 plugins.
Preloading 0 native plugins for Editor in 0.00 ms.
Mono: successfully reloaded assembly
- Completed reload, in  1.049 seconds
Domain Reload Profiling:
	ReloadAssembly (1050ms)
		BeginReloadAssembly (90ms)
			ExecutionOrderSort (0ms)
			DisableScriptedObjects (6ms)
			BackupInstance (0ms)
			ReleaseScriptingObjects (0ms)
			CreateAndSetChildDomain (17ms)
		EndReloadAssembly (858ms)
			LoadAssemblies (57ms)
			RebuildTransferFunctionScriptingTraits (0ms)
			SetupTypeCache (191ms)
			ReleaseScriptCaches (0ms)
			RebuildScriptCaches (45ms)
			SetupLoadedEditorAssemblies (508ms)
				LogAssemblyErrors (0ms)
				InitializePlatformSupportModulesInManaged (13ms)
				SetLoadedEditorAssemblies (0ms)
				RefreshPlugins (1ms)
				BeforeProcessingInitializeOnLoad (65ms)
				ProcessInitializeOnLoadAttributes (394ms)
				ProcessInitializeOnLoadMethodAttributes (32ms)
				AfterProcessingInitializeOnLoad (2ms)
				EditorAssembliesLoaded (0ms)
			ExecutionOrderSort2 (0ms)
			AwakeInstancesAfterBackupRestoration (6ms)
Platform modules already initialized, skipping
========================================================================
Worker process is ready to serve import requests
Launched and connected shader compiler UnityShaderCompiler.exe after 0.04 seconds
Refreshing native plugins compatible for Editor in 0.47 ms, found 3 plugins.
Preloading 0 native plugins for Editor in 0.00 ms.
Unloading 2198 Unused Serialized files (Serialized files now loaded: 0)
Unloading 30 unused Assets / (56.1 KB). Loaded Objects now: 2665.
Memory consumption went from 102.6 MB to 102.5 MB.
Total: 3.463300 ms (FindLiveObjects: 0.244900 ms CreateObjectMapping: 0.163200 ms MarkObjects: 2.974500 ms  DeleteObjects: 0.079600 ms)

AssetImportParameters requested are different than current active one (requested -> active):
  custom:video-decoder-ogg-theora: a1e56fd34408186e4bbccfd4996cb3dc -> 
  custom:container-muxer-webm: aa71ff27fc2769a1b78a27578f13a17b -> 
  custom:container-demuxer-webm: 4f35f7cbe854078d1ac9338744f61a02 -> 
  custom:video-encoder-webm-vp8: eb34c28f22e8b96e1ab97ce403110664 -> 
  custom:audio-encoder-webm-vorbis: bf7c407c2cedff20999df2af8eb42d56 -> 
  custom:framework-win-MediaFoundation: 216162199b28c13a410421893ffa2e32 -> 
  custom:container-demuxer-ogg: 62fdf1f143b41e24485cea50d1cbac27 -> 
  custom:video-decoder-webm-vp8: 9c59270c3fd7afecdb556c50c9e8de78 -> 
  custom:audio-decoder-ogg-vorbis: bf7c407c2cedff20999df2af8eb42d56 -> 
========================================================================
Received Import Request.
  Time since last request: 29698.773857 seconds.
  path: Assets/Scripts/gameManager.cs
  artifactKey: Guid(5679e7d4eda2da3408ffa783c0468a05) Importer(815301076,1909f56bfc062723c751e8b465ee728b)
Start importing Assets/Scripts/gameManager.cs using Guid(5679e7d4eda2da3408ffa783c0468a05) Importer(815301076,1909f56bfc062723c751e8b465ee728b)  -> (artifact id: '13512168c8fa682ccb178701d68ab681') in 0.030736 seconds 
========================================================================
Received Import Request.
  Time since last request: 54.485213 seconds.
  path: Assets/Scripts/gameManager.cs
  artifactKey: Guid(5679e7d4eda2da3408ffa783c0468a05) Importer(815301076,1909f56bfc062723c751e8b465ee728b)
Start importing Assets/Scripts/gameManager.cs using Guid(5679e7d4eda2da3408ffa783c0468a05) Importer(815301076,1909f56bfc062723c751e8b465ee728b)  -> (artifact id: 'dcde2a8f9db331854655af5d9cf9bb0f') in 0.002091 seconds 
========================================================================
Received Import Request.
  Time since last request: 137.364520 seconds.
  path: Assets/Scripts/gameManager.cs
  artifactKey: Guid(5679e7d4eda2da3408ffa783c0468a05) Importer(815301076,1909f56bfc062723c751e8b465ee728b)
Start importing Assets/Scripts/gameManager.cs using Guid(5679e7d4eda2da3408ffa783c0468a05) Importer(815301076,1909f56bfc062723c751e8b465ee728b)  -> (artifact id: '0939267f64109af2bc804be022bffc28') in 0.001908 seconds 
========================================================================
Received Import Request.
  Time since last request: 197.778459 seconds.
  path: Assets/Scripts/gameManager.cs
  artifactKey: Guid(5679e7d4eda2da3408ffa783c0468a05) Importer(815301076,1909f56bfc062723c751e8b465ee728b)
Start importing Assets/Scripts/gameManager.cs using Guid(5679e7d4eda2da3408ffa783c0468a05) Importer(815301076,1909f56bfc062723c751e8b465ee728b)  -> (artifact id: '5883c702dea5d0fd21c63ff38e93001e') in 0.001804 seconds 
========================================================================
Received Import Request.
  Time since last request: 6.934769 seconds.
  path: Assets/Scripts/hooker.cs
  artifactKey: Guid(dce2cfedfb5ab094fa9437f46299ce9e) Importer(815301076,1909f56bfc062723c751e8b465ee728b)
Start importing Assets/Scripts/hooker.cs using Guid(dce2cfedfb5ab094fa9437f46299ce9e) Importer(815301076,1909f56bfc062723c751e8b465ee728b)  -> (artifact id: 'e230df1cac69739cf7d049c01bd889a4') in 0.007093 seconds 
========================================================================
Received Import Request.
  Time since last request: 29.282483 seconds.
  path: Assets/Scripts/hooker.cs
  artifactKey: Guid(dce2cfedfb5ab094fa9437f46299ce9e) Importer(815301076,1909f56bfc062723c751e8b465ee728b)
Start importing Assets/Scripts/hooker.cs using Guid(dce2cfedfb5ab094fa9437f46299ce9e) Importer(815301076,1909f56bfc062723c751e8b465ee728b)  -> (artifact id: '37856a1df2b663060494a4a2b7a3259e') in 0.001788 seconds 
========================================================================
Received Import Request.
  Time since last request: 42.898169 seconds.
  path: Assets/Scripts/hooker.cs
  artifactKey: Guid(dce2cfedfb5ab094fa9437f46299ce9e) Importer(815301076,1909f56bfc062723c751e8b465ee728b)
Start importing Assets/Scripts/hooker.cs using Guid(dce2cfedfb5ab094fa9437f46299ce9e) Importer(815301076,1909f56bfc062723c751e8b465ee728b)  -> (artifact id: '76932c8f4161649dc8a0c27b61998b0a') in 0.001674 seconds 
========================================================================
Received Import Request.
  Time since last request: 14.706975 seconds.
  path: Assets/Scripts/hooker.cs
  artifactKey: Guid(dce2cfedfb5ab094fa9437f46299ce9e) Importer(815301076,1909f56bfc062723c751e8b465ee728b)
Start importing Assets/Scripts/hooker.cs using Guid(dce2cfedfb5ab094fa9437f46299ce9e) Importer(815301076,1909f56bfc062723c751e8b465ee728b)  -> (artifact id: 'a7d5262e331f3f214ed6fb1ab534348b') in 0.001746 seconds 
========================================================================
Received Import Request.
  Time since last request: 31.627379 seconds.
  path: Assets/Scripts/hooker.cs
  artifactKey: Guid(dce2cfedfb5ab094fa9437f46299ce9e) Importer(815301076,1909f56bfc062723c751e8b465ee728b)
Start importing Assets/Scripts/hooker.cs using Guid(dce2cfedfb5ab094fa9437f46299ce9e) Importer(815301076,1909f56bfc062723c751e8b465ee728b)  -> (artifact id: '79b2782624332c9432fec0edfd433ae2') in 0.001790 seconds 
========================================================================
Received Import Request.
  Time since last request: 8.549272 seconds.
  path: Assets/Prefabs/BGCanvas.prefab
  artifactKey: Guid(09f8815e03e62dc419c2dc8f2cf016e1) Importer(815301076,1909f56bfc062723c751e8b465ee728b)
Start importing Assets/Prefabs/BGCanvas.prefab using Guid(09f8815e03e62dc419c2dc8f2cf016e1) Importer(815301076,1909f56bfc062723c751e8b465ee728b)  -> (artifact id: '492686b6255b1db30c54ca1d2f07574c') in 0.036312 seconds 
========================================================================
Received Import Request.
  Time since last request: 0.000023 seconds.
  path: Assets/Prefabs/Rope.prefab
  artifactKey: Guid(b5b154985f0392a4aade9d2fd6e12412) Importer(815301076,1909f56bfc062723c751e8b465ee728b)
Start importing Assets/Prefabs/Rope.prefab using Guid(b5b154985f0392a4aade9d2fd6e12412) Importer(815301076,1909f56bfc062723c751e8b465ee728b)  -> (artifact id: '5e50666439bbe267bc74ea5a9e6cb254') in 0.081372 seconds 
========================================================================
Received Import Request.
  Time since last request: 0.000051 seconds.
  path: Assets/Prefabs/LoadSceneCanvas.prefab
  artifactKey: Guid(5f0040c6c91c9474282af0e80b05cd6b) Importer(815301076,1909f56bfc062723c751e8b465ee728b)
Start importing Assets/Prefabs/LoadSceneCanvas.prefab using Guid(5f0040c6c91c9474282af0e80b05cd6b) Importer(815301076,1909f56bfc062723c751e8b465ee728b)  -> (artifact id: 'd64b7bd5e808df73e2de21223dd0c806') in 0.011250 seconds 
========================================================================
Received Import Request.
  Time since last request: 0.000017 seconds.
  path: Assets/Prefabs/stone1.prefab
  artifactKey: Guid(dab5e5d254c8f8642993ec6de79948c0) Importer(815301076,1909f56bfc062723c751e8b465ee728b)
Start importing Assets/Prefabs/stone1.prefab using Guid(dab5e5d254c8f8642993ec6de79948c0) Importer(815301076,1909f56bfc062723c751e8b465ee728b)  -> (artifact id: '1ef2b5b4138ad8958fc9f8d5f4f42777') in 0.013182 seconds 
========================================================================
Received Import Request.
  Time since last request: 0.000017 seconds.
  path: Assets/Prefabs/Rebirth.prefab
  artifactKey: Guid(d64db830108b3004488aa0599305be98) Importer(815301076,1909f56bfc062723c751e8b465ee728b)
Start importing Assets/Prefabs/Rebirth.prefab using Guid(d64db830108b3004488aa0599305be98) Importer(815301076,1909f56bfc062723c751e8b465ee728b)  -> (artifact id: '4b5ad2f0bcc497eacff236e9cd05e8ca') in 0.017823 seconds 
========================================================================
Received Import Request.
  Time since last request: 0.000024 seconds.
  path: Assets/Prefabs/stone2.prefab
  artifactKey: Guid(71a394afb80b9c74d9b10f7ae73b27eb) Importer(815301076,1909f56bfc062723c751e8b465ee728b)
Start importing Assets/Prefabs/stone2.prefab using Guid(71a394afb80b9c74d9b10f7ae73b27eb) Importer(815301076,1909f56bfc062723c751e8b465ee728b)  -> (artifact id: '94002ba261356dd1ea6b492595b77b4c') in 0.015724 seconds 
========================================================================
Received Import Request.
  Time since last request: 0.000017 seconds.
  path: Assets/Prefabs/goldL.prefab
  artifactKey: Guid(01f51bded2f7b3240acf8336f32a7413) Importer(815301076,1909f56bfc062723c751e8b465ee728b)
Start importing Assets/Prefabs/goldL.prefab using Guid(01f51bded2f7b3240acf8336f32a7413) Importer(815301076,1909f56bfc062723c751e8b465ee728b)  -> (artifact id: '9fddb6d5115d8ec5bbd25bd14af734a3') in 0.017610 seconds 
========================================================================
Received Prepare
Registering precompiled user dll's ...
Registered in 0.004903 seconds.
Begin MonoManager ReloadAssembly
Native extension for WindowsStandalone target not found
Native extension for Android target not found
Native extension for WebGL target not found
Refreshing native plugins compatible for Editor in 0.45 ms, found 3 plugins.
Preloading 0 native plugins for Editor in 0.00 ms.
Mono: successfully reloaded assembly
- Completed reload, in  1.036 seconds
Domain Reload Profiling:
	ReloadAssembly (1036ms)
		BeginReloadAssembly (120ms)
			ExecutionOrderSort (0ms)
			DisableScriptedObjects (8ms)
			BackupInstance (0ms)
			ReleaseScriptingObjects (0ms)
			CreateAndSetChildDomain (33ms)
		EndReloadAssembly (816ms)
			LoadAssemblies (70ms)
			RebuildTransferFunctionScriptingTraits (0ms)
			SetupTypeCache (197ms)
			ReleaseScriptCaches (1ms)
			RebuildScriptCaches (39ms)
			SetupLoadedEditorAssemblies (473ms)
				LogAssemblyErrors (0ms)
				InitializePlatformSupportModulesInManaged (21ms)
				SetLoadedEditorAssemblies (1ms)
				RefreshPlugins (1ms)
				BeforeProcessingInitializeOnLoad (63ms)
				ProcessInitializeOnLoadAttributes (357ms)
				ProcessInitializeOnLoadMethodAttributes (28ms)
				AfterProcessingInitializeOnLoad (3ms)
				EditorAssembliesLoaded (0ms)
			ExecutionOrderSort2 (0ms)
			AwakeInstancesAfterBackupRestoration (6ms)
Platform modules already initialized, skipping
Refreshing native plugins compatible for Editor in 2.17 ms, found 3 plugins.
Preloading 0 native plugins for Editor in 0.00 ms.
Unloading 2125 Unused Serialized files (Serialized files now loaded: 0)
Unloading 18 unused Assets / (24.6 KB). Loaded Objects now: 2676.
Memory consumption went from 104.5 MB to 104.5 MB.
Total: 2.915900 ms (FindLiveObjects: 0.152600 ms CreateObjectMapping: 0.073000 ms MarkObjects: 2.671200 ms  DeleteObjects: 0.018200 ms)

AssetImportParameters requested are different than current active one (requested -> active):
  custom:video-decoder-ogg-theora: a1e56fd34408186e4bbccfd4996cb3dc -> 
  custom:container-muxer-webm: aa71ff27fc2769a1b78a27578f13a17b -> 
  custom:container-demuxer-webm: 4f35f7cbe854078d1ac9338744f61a02 -> 
  custom:video-encoder-webm-vp8: eb34c28f22e8b96e1ab97ce403110664 -> 
  custom:audio-encoder-webm-vorbis: bf7c407c2cedff20999df2af8eb42d56 -> 
  custom:framework-win-MediaFoundation: 216162199b28c13a410421893ffa2e32 -> 
  custom:container-demuxer-ogg: 62fdf1f143b41e24485cea50d1cbac27 -> 
  custom:video-decoder-webm-vp8: 9c59270c3fd7afecdb556c50c9e8de78 -> 
  custom:audio-decoder-ogg-vorbis: bf7c407c2cedff20999df2af8eb42d56 -> 
========================================================================
Received Import Request.
  Time since last request: 547.546788 seconds.
  path: Assets/Prefabs/Player.prefab
  artifactKey: Guid(bae232364001b7545b574a1858027c22) Importer(815301076,1909f56bfc062723c751e8b465ee728b)
Start importing Assets/Prefabs/Player.prefab using Guid(bae232364001b7545b574a1858027c22) Importer(815301076,1909f56bfc062723c751e8b465ee728b)  -> (artifact id: '76bedd9b8d21d02a06a9c6dab80f2e8d') in 0.079053 seconds 
========================================================================
Received Prepare
Registering precompiled user dll's ...
Registered in 0.003904 seconds.
Begin MonoManager ReloadAssembly
Native extension for WindowsStandalone target not found
Native extension for Android target not found
Native extension for WebGL target not found
Refreshing native plugins compatible for Editor in 0.46 ms, found 3 plugins.
Preloading 0 native plugins for Editor in 0.00 ms.
Mono: successfully reloaded assembly
- Completed reload, in  1.145 seconds
Domain Reload Profiling:
	ReloadAssembly (1146ms)
		BeginReloadAssembly (116ms)
			ExecutionOrderSort (0ms)
			DisableScriptedObjects (7ms)
			BackupInstance (0ms)
			ReleaseScriptingObjects (0ms)
			CreateAndSetChildDomain (33ms)
		EndReloadAssembly (915ms)
			LoadAssemblies (74ms)
			RebuildTransferFunctionScriptingTraits (0ms)
			SetupTypeCache (248ms)
			ReleaseScriptCaches (1ms)
			RebuildScriptCaches (48ms)
			SetupLoadedEditorAssemblies (491ms)
				LogAssemblyErrors (0ms)
				InitializePlatformSupportModulesInManaged (21ms)
				SetLoadedEditorAssemblies (1ms)
				RefreshPlugins (1ms)
				BeforeProcessingInitializeOnLoad (55ms)
				ProcessInitializeOnLoadAttributes (383ms)
				ProcessInitializeOnLoadMethodAttributes (28ms)
				AfterProcessingInitializeOnLoad (2ms)
				EditorAssembliesLoaded (0ms)
			ExecutionOrderSort2 (0ms)
			AwakeInstancesAfterBackupRestoration (6ms)
Platform modules already initialized, skipping
Refreshing native plugins compatible for Editor in 1.52 ms, found 3 plugins.
Preloading 0 native plugins for Editor in 0.00 ms.
Unloading 2125 Unused Serialized files (Serialized files now loaded: 0)
Unloading 17 unused Assets / (24.7 KB). Loaded Objects now: 2679.
Memory consumption went from 104.5 MB to 104.5 MB.
Total: 3.046600 ms (FindLiveObjects: 0.162700 ms CreateObjectMapping: 0.092300 ms MarkObjects: 2.772500 ms  DeleteObjects: 0.018300 ms)

AssetImportParameters requested are different than current active one (requested -> active):
  custom:video-decoder-ogg-theora: a1e56fd34408186e4bbccfd4996cb3dc -> 
  custom:container-muxer-webm: aa71ff27fc2769a1b78a27578f13a17b -> 
  custom:container-demuxer-webm: 4f35f7cbe854078d1ac9338744f61a02 -> 
  custom:video-encoder-webm-vp8: eb34c28f22e8b96e1ab97ce403110664 -> 
  custom:audio-encoder-webm-vorbis: bf7c407c2cedff20999df2af8eb42d56 -> 
  custom:framework-win-MediaFoundation: 216162199b28c13a410421893ffa2e32 -> 
  custom:container-demuxer-ogg: 62fdf1f143b41e24485cea50d1cbac27 -> 
  custom:video-decoder-webm-vp8: 9c59270c3fd7afecdb556c50c9e8de78 -> 
  custom:audio-decoder-ogg-vorbis: bf7c407c2cedff20999df2af8eb42d56 -> 
========================================================================
Received Import Request.
  Time since last request: 66.886764 seconds.
  path: Assets/Sprites/gameOver.png
  artifactKey: Guid(0adb77a61d573d54bbcb5df09d57fb90) Importer(815301076,1909f56bfc062723c751e8b465ee728b)
Start importing Assets/Sprites/gameOver.png using Guid(0adb77a61d573d54bbcb5df09d57fb90) Importer(815301076,1909f56bfc062723c751e8b465ee728b)  -> (artifact id: 'ff27d5d4cf3d4b676429d5c32f86a62c') in 0.069310 seconds 
========================================================================
Received Import Request.
  Time since last request: 0.000018 seconds.
  path: Assets/Sprites/player_left1C.png
  artifactKey: Guid(f076e0082f3da9345a7d1c47396db51f) Importer(815301076,1909f56bfc062723c751e8b465ee728b)
Start importing Assets/Sprites/player_left1C.png using Guid(f076e0082f3da9345a7d1c47396db51f) Importer(815301076,1909f56bfc062723c751e8b465ee728b)  -> (artifact id: '7e9ca9351cd704f1ef279879c72fe0db') in 0.020553 seconds 
========================================================================
Received Import Request.
  Time since last request: 0.000015 seconds.
  path: Assets/Sprites/tryAgain(normal).png
  artifactKey: Guid(3c4a0180e6d30cf49be7c99279b0fc0e) Importer(815301076,1909f56bfc062723c751e8b465ee728b)
Start importing Assets/Sprites/tryAgain(normal).png using Guid(3c4a0180e6d30cf49be7c99279b0fc0e) Importer(815301076,1909f56bfc062723c751e8b465ee728b)  -> (artifact id: 'b697ea25721003c0e9e7407bce8d0a6b') in 0.013698 seconds 
========================================================================
Received Import Request.
  Time since last request: 0.000015 seconds.
  path: Assets/Sprites/hook_closed.png
  artifactKey: Guid(2c9f8ec1b0af0a5458ebf7bd0dd22bd8) Importer(815301076,1909f56bfc062723c751e8b465ee728b)
Start importing Assets/Sprites/hook_closed.png using Guid(2c9f8ec1b0af0a5458ebf7bd0dd22bd8) Importer(815301076,1909f56bfc062723c751e8b465ee728b)  -> (artifact id: 'dbe410fa72b3abc96dc7348dab8ade46') in 0.044870 seconds 
========================================================================
Received Import Request.
  Time since last request: 0.000017 seconds.
  path: Assets/Sprites/quitGame(normal).png
  artifactKey: Guid(1a24b6f008bb4964e8eb48f470d5f373) Importer(815301076,1909f56bfc062723c751e8b465ee728b)
Start importing Assets/Sprites/quitGame(normal).png using Guid(1a24b6f008bb4964e8eb48f470d5f373) Importer(815301076,1909f56bfc062723c751e8b465ee728b)  -> (artifact id: '054d41adc4d19a86e04a6904dd4a2abb') in 0.017709 seconds 
========================================================================
Received Import Request.
  Time since last request: 0.000018 seconds.
  path: Assets/Sprites/player_right1.png
  artifactKey: Guid(9adb9336d5d59ee48830718f416ca444) Importer(815301076,1909f56bfc062723c751e8b465ee728b)
Start importing Assets/Sprites/player_right1.png using Guid(9adb9336d5d59ee48830718f416ca444) Importer(815301076,1909f56bfc062723c751e8b465ee728b)  -> (artifact id: '88a120cb4ff955dfa6219b19e0b37d49') in 0.014289 seconds 
========================================================================
Received Import Request.
  Time since last request: 0.000018 seconds.
  path: Assets/Sprites/quitGame(selected).png
  artifactKey: Guid(f3f2292821dc6eb408fe01df5302dcf0) Importer(815301076,1909f56bfc062723c751e8b465ee728b)
Start importing Assets/Sprites/quitGame(selected).png using Guid(f3f2292821dc6eb408fe01df5302dcf0) Importer(815301076,1909f56bfc062723c751e8b465ee728b)  -> (artifact id: '2e6a87d9d7d670c1027b057cbdee3aab') in 0.023160 seconds 
========================================================================
Received Import Request.
  Time since last request: 0.000022 seconds.
  path: Assets/Sprites/player_left2C.png
  artifactKey: Guid(2ba027d01ae44da4786eee31ae10a9a0) Importer(815301076,1909f56bfc062723c751e8b465ee728b)
Start importing Assets/Sprites/player_left2C.png using Guid(2ba027d01ae44da4786eee31ae10a9a0) Importer(815301076,1909f56bfc062723c751e8b465ee728b)  -> (artifact id: '3121292e5a8e0ccb4bee1f8b43762437') in 0.016175 seconds 
========================================================================
Received Import Request.
  Time since last request: 0.000025 seconds.
  path: Assets/Sprites/gamePassed.png
  artifactKey: Guid(dbcb0a71a3bb40147b3a6444f6573e4d) Importer(815301076,1909f56bfc062723c751e8b465ee728b)
Start importing Assets/Sprites/gamePassed.png using Guid(dbcb0a71a3bb40147b3a6444f6573e4d) Importer(815301076,1909f56bfc062723c751e8b465ee728b)  -> (artifact id: '25a92c8e94ec9ff74d3bded601b31a3d') in 0.029405 seconds 
========================================================================
Received Import Request.
  Time since last request: 0.000013 seconds.
  path: Assets/Sprites/nextLevel(normal).png
  artifactKey: Guid(4e07474cd46184a438802785e8927063) Importer(815301076,1909f56bfc062723c751e8b465ee728b)
Start importing Assets/Sprites/nextLevel(normal).png using Guid(4e07474cd46184a438802785e8927063) Importer(815301076,1909f56bfc062723c751e8b465ee728b)  -> (artifact id: 'd03c4e26f78ea23aea1c5671bae92be2') in 0.027050 seconds 
========================================================================
Received Import Request.
  Time since last request: 0.000024 seconds.
  path: Assets/Sprites/player_left2.png
  artifactKey: Guid(626205e9118153c4e993dcffaaf812e9) Importer(815301076,1909f56bfc062723c751e8b465ee728b)
Start importing Assets/Sprites/player_left2.png using Guid(626205e9118153c4e993dcffaaf812e9) Importer(815301076,1909f56bfc062723c751e8b465ee728b)  -> (artifact id: '2f51f91403919567fc14042515767c99') in 0.013427 seconds 
========================================================================
Received Import Request.
  Time since last request: 0.000026 seconds.
  path: Assets/Sprites/rope.png
  artifactKey: Guid(9565308430c53b34f9ae1591af798033) Importer(815301076,1909f56bfc062723c751e8b465ee728b)
Start importing Assets/Sprites/rope.png using Guid(9565308430c53b34f9ae1591af798033) Importer(815301076,1909f56bfc062723c751e8b465ee728b)  -> (artifact id: 'ba610a744e5fa6352702efc9dd2937f1') in 0.016740 seconds 
========================================================================
Received Import Request.
  Time since last request: 0.000021 seconds.
  path: Assets/Sprites/miner.png
  artifactKey: Guid(b3ee7f9a28d6237418b33dcd2495980b) Importer(815301076,1909f56bfc062723c751e8b465ee728b)
Start importing Assets/Sprites/miner.png using Guid(b3ee7f9a28d6237418b33dcd2495980b) Importer(815301076,1909f56bfc062723c751e8b465ee728b)  -> (artifact id: '9cfe050f59e64914a55703be80c84a3f') in 0.016945 seconds 
========================================================================
Received Prepare
Registering precompiled user dll's ...
Registered in 0.003902 seconds.
Begin MonoManager ReloadAssembly
Native extension for WindowsStandalone target not found
Native extension for Android target not found
Native extension for WebGL target not found
Refreshing native plugins compatible for Editor in 0.74 ms, found 3 plugins.
Preloading 0 native plugins for Editor in 0.00 ms.
Mono: successfully reloaded assembly
- Completed reload, in  1.175 seconds
Domain Reload Profiling:
	ReloadAssembly (1176ms)
		BeginReloadAssembly (121ms)
			ExecutionOrderSort (0ms)
			DisableScriptedObjects (8ms)
			BackupInstance (0ms)
			ReleaseScriptingObjects (0ms)
			CreateAndSetChildDomain (34ms)
		EndReloadAssembly (946ms)
			LoadAssemblies (73ms)
			RebuildTransferFunctionScriptingTraits (0ms)
			SetupTypeCache (204ms)
			ReleaseScriptCaches (1ms)
			RebuildScriptCaches (53ms)
			SetupLoadedEditorAssemblies (559ms)
				LogAssemblyErrors (0ms)
				InitializePlatformSupportModulesInManaged (25ms)
				SetLoadedEditorAssemblies (1ms)
				RefreshPlugins (1ms)
				BeforeProcessingInitializeOnLoad (61ms)
				ProcessInitializeOnLoadAttributes (428ms)
				ProcessInitializeOnLoadMethodAttributes (40ms)
				AfterProcessingInitializeOnLoad (3ms)
				EditorAssembliesLoaded (0ms)
			ExecutionOrderSort2 (0ms)
			AwakeInstancesAfterBackupRestoration (8ms)
Platform modules already initialized, skipping
Refreshing native plugins compatible for Editor in 1.89 ms, found 3 plugins.
Preloading 0 native plugins for Editor in 0.00 ms.
Unloading 2125 Unused Serialized files (Serialized files now loaded: 0)
Unloading 17 unused Assets / (24.7 KB). Loaded Objects now: 2696.
Memory consumption went from 104.7 MB to 104.6 MB.
Total: 3.327100 ms (FindLiveObjects: 0.169800 ms CreateObjectMapping: 0.087900 ms MarkObjects: 3.047500 ms  DeleteObjects: 0.021000 ms)

AssetImportParameters requested are different than current active one (requested -> active):
  custom:video-decoder-ogg-theora: a1e56fd34408186e4bbccfd4996cb3dc -> 
  custom:container-muxer-webm: aa71ff27fc2769a1b78a27578f13a17b -> 
  custom:container-demuxer-webm: 4f35f7cbe854078d1ac9338744f61a02 -> 
  custom:video-encoder-webm-vp8: eb34c28f22e8b96e1ab97ce403110664 -> 
  custom:audio-encoder-webm-vorbis: bf7c407c2cedff20999df2af8eb42d56 -> 
  custom:framework-win-MediaFoundation: 216162199b28c13a410421893ffa2e32 -> 
  custom:container-demuxer-ogg: 62fdf1f143b41e24485cea50d1cbac27 -> 
  custom:video-decoder-webm-vp8: 9c59270c3fd7afecdb556c50c9e8de78 -> 
  custom:audio-decoder-ogg-vorbis: bf7c407c2cedff20999df2af8eb42d56 -> 
Editor requested this worker to shutdown with reason: Scaling down because of idle timeout
AssetImportWorker is now disconnected from the server
Process exiting
Exiting without the bug reporter. Application will terminate with return code 0